C51 COMPILER V9.01   DELAY                                                                 07/28/2017 16:06:19 PAGE 1   


C51 COMPILER V9.01, COMPILATION OF MODULE DELAY
OBJECT MODULE PLACED IN .\obj\delay.obj
COMPILER INVOKED BY: D:\Keil\C51\BIN\C51.EXE src\delay.c LARGE BROWSE ORDER INCDIR(.\inc) DEBUG OBJECTEXTEND PRINT(.\lst
                    -\delay.lst) OBJECT(.\obj\delay.obj)

line level    source

   1          #include "delay.h"
   2          
   3          
   4          #define FOSC 22118400L          //ÏµÍ³ÆµÂÊ
   5          
   6          
   7          void delay(unsigned int t) {
   8   1              
   9   1              while(t--);
  10   1              
  11   1      }
  12          
  13          void delay_us(unsigned int t) {
  14   1              unsigned char i;
  15   1              while(t--) {
  16   2                      i = 3;
  17   2                      while(i--) delay(1);
  18   2              }
  19   1      }
  20          
  21          void delay_ms(unsigned int t) {
  22   1              while(t--) {
  23   2                  delay_us(t);
  24   2              }
  25   1      }


MODULE INFORMATION:   STATIC OVERLAYABLE
   CODE SIZE        =     79    ----
   CONSTANT SIZE    =   ----    ----
   XDATA SIZE       =   ----       2
   PDATA SIZE       =   ----    ----
   DATA SIZE        =   ----    ----
   IDATA SIZE       =   ----    ----
   BIT SIZE         =   ----    ----
END OF MODULE INFORMATION.


C51 COMPILATION COMPLETE.  0 WARNING(S),  0 ERROR(S)
