C51 COMPILER V9.01   IO                                                                    07/28/2017 16:06:19 PAGE 1   


C51 COMPILER V9.01, COMPILATION OF MODULE IO
OBJECT MODULE PLACED IN .\obj\io.obj
COMPILER INVOKED BY: D:\Keil\C51\BIN\C51.EXE src\io.c LARGE BROWSE ORDER INCDIR(.\inc) DEBUG OBJECTEXTEND PRINT(.\lst\io
                    -.lst) OBJECT(.\obj\io.obj)

line level    source

   1          #include "io.h"
   2          
   3          
   4          void io_init(void) {
   5   1      
   6   1              P0M1=0x00;                                 
   7   1              P0M0=0x30;
   8   1      
   9   1              P1M1=0x00;                                 
  10   1              P1M0=0x00;
  11   1      
  12   1              P2M1=0x00;
  13   1              P2M0=0x0e;
  14   1                                        
  15   1              P3M1=0x00;
  16   1              P3M0=0x90;      
  17   1      
  18   1              P4M1=0x00;                                
  19   1              P4M0=0x00;
  20   1      
  21   1              P5M1=0x00;                               
  22   1              P5M0=0x0d;
  23   1              
  24   1              dj_io_init();
  25   1      }
  26          
  27          
  28          void dj_io_init(void) {
  29   1              dj0 = 1;
  30   1              dj1 = 1;
  31   1              dj2 = 1;
  32   1              dj3 = 1;
  33   1              dj4 = 1;
  34   1              dj5 = 1;
  35   1      }
  36          
  37          void dj_io_set(u8 index, u8 level) {
  38   1              switch(index) {
  39   2                      case 0:dj0 = level;break;
  40   2                      case 1:dj1 = level;break;
  41   2                      case 2:dj2 = level;break;
  42   2                      case 3:dj3 = level;break;
  43   2                      case 4:dj4 = level;break;
  44   2                      case 5:dj5 = level;break;
  45   2                      default:break;
  46   2              }
  47   1      }


MODULE INFORMATION:   STATIC OVERLAYABLE
   CODE SIZE        =    101    ----
   CONSTANT SIZE    =   ----    ----
   XDATA SIZE       =   ----    ----
   PDATA SIZE       =   ----    ----
C51 COMPILER V9.01   IO                                                                    07/28/2017 16:06:19 PAGE 2   

   DATA SIZE        =   ----    ----
   IDATA SIZE       =   ----    ----
   BIT SIZE         =   ----    ----
END OF MODULE INFORMATION.


C51 COMPILATION COMPLETE.  0 WARNING(S),  0 ERROR(S)
